[debug] [2022-05-08T16:21:08.195Z] ----------------------------------------------------------------------
[debug] [2022-05-08T16:21:08.200Z] Command:       C:\Program Files\nodejs\node.exe C:\Users\user\AppData\Roaming\npm\node_modules\firebase-tools\lib\bin\firebase.js deploy
[debug] [2022-05-08T16:21:08.201Z] CLI Version:   10.6.0
[debug] [2022-05-08T16:21:08.202Z] Platform:      win32
[debug] [2022-05-08T16:21:08.202Z] Node Version:  v14.17.3
[debug] [2022-05-08T16:21:08.204Z] Time:          Sun May 08 2022 22:21:08 GMT+0600 (Bangladesh Standard Time)
[debug] [2022-05-08T16:21:08.204Z] ----------------------------------------------------------------------
[debug] 
[debug] [2022-05-08T16:21:08.388Z] > command requires scopes: ["email","openid","https://www.googleapis.com/auth/cloudplatformprojects.readonly","https://www.googleapis.com/auth/firebase","https://www.googleapis.com/auth/cloud-platform"]
[debug] [2022-05-08T16:21:08.388Z] > authorizing via signed-in user (yousufweb99@gmail.com)
[debug] [2022-05-08T16:21:08.388Z] [iam] checking project honda-app-91b97 for permissions ["firebase.projects.get","firebasehosting.sites.update"]
[debug] [2022-05-08T16:21:08.392Z] > refreshing access token with scopes: []
[debug] [2022-05-08T16:21:08.394Z] >>> HTTP REQUEST POST https://www.googleapis.com/oauth2/v3/token  
 <request body omitted>
[debug] [2022-05-08T16:21:09.063Z] <<< HTTP RESPONSE 200 {"date":"Sun, 08 May 2022 16:21:08 GMT","cache-control":"no-cache, no-store, max-age=0, must-revalidate","pragma":"no-cache","expires":"Mon, 01 Jan 1990 00:00:00 GMT","content-type":"application/json; charset=utf-8","vary":"X-Origin, Referer, Origin,Accept-Encoding","server":"scaffolding on HTTPServer2","x-xss-protection":"0","x-frame-options":"SAMEORIGIN","x-content-type-options":"nosniff","alt-svc":"h3=\":443\"; ma=2592000,h3-29=\":443\"; ma=2592000,h3-Q050=\":443\"; ma=2592000,h3-Q046=\":443\"; ma=2592000,h3-Q043=\":443\"; ma=2592000,quic=\":443\"; ma=2592000; v=\"46,43\"","accept-ranges":"none","transfer-encoding":"chunked"}
[debug] [2022-05-08T16:21:09.082Z] >>> [apiv2][query] POST https://cloudresourcemanager.googleapis.com/v1/projects/honda-app-91b97:testIamPermissions [none]
[debug] [2022-05-08T16:21:09.082Z] >>> [apiv2][body] POST https://cloudresourcemanager.googleapis.com/v1/projects/honda-app-91b97:testIamPermissions {"permissions":["firebase.projects.get","firebasehosting.sites.update"]}
[debug] [2022-05-08T16:21:11.083Z] <<< [apiv2][status] POST https://cloudresourcemanager.googleapis.com/v1/projects/honda-app-91b97:testIamPermissions 200
[debug] [2022-05-08T16:21:11.084Z] <<< [apiv2][body] POST https://cloudresourcemanager.googleapis.com/v1/projects/honda-app-91b97:testIamPermissions {"permissions":["firebase.projects.get","firebasehosting.sites.update"]}
[debug] [2022-05-08T16:21:11.085Z] >>> [apiv2][query] GET https://firebase.googleapis.com/v1beta1/projects/honda-app-91b97 [none]
[debug] [2022-05-08T16:21:12.232Z] <<< [apiv2][status] GET https://firebase.googleapis.com/v1beta1/projects/honda-app-91b97 200
[debug] [2022-05-08T16:21:12.232Z] <<< [apiv2][body] GET https://firebase.googleapis.com/v1beta1/projects/honda-app-91b97 {"projectId":"honda-app-91b97","projectNumber":"722034877760","displayName":"honda-app","name":"projects/honda-app-91b97","resources":{"hostingSite":"honda-app-91b97"},"state":"ACTIVE"}
[info] 
[info] === Deploying to 'honda-app-91b97'...
[info] 
[info] i  deploying hosting 
[debug] [2022-05-08T16:21:12.237Z] >>> [apiv2][query] GET https://firebase.googleapis.com/v1beta1/projects/honda-app-91b97 [none]
[debug] [2022-05-08T16:21:13.454Z] <<< [apiv2][status] GET https://firebase.googleapis.com/v1beta1/projects/honda-app-91b97 200
[debug] [2022-05-08T16:21:13.454Z] <<< [apiv2][body] GET https://firebase.googleapis.com/v1beta1/projects/honda-app-91b97 {"projectId":"honda-app-91b97","projectNumber":"722034877760","displayName":"honda-app","name":"projects/honda-app-91b97","resources":{"hostingSite":"honda-app-91b97"},"state":"ACTIVE"}
[debug] [2022-05-08T16:21:13.459Z] >>> [apiv2][query] POST https://firebasehosting.googleapis.com/v1beta1/projects/722034877760/sites/honda-app-91b97/versions [none]
[debug] [2022-05-08T16:21:13.459Z] >>> [apiv2][body] POST https://firebasehosting.googleapis.com/v1beta1/projects/722034877760/sites/honda-app-91b97/versions {"config":{"rewrites":[{"glob":"**","path":"/index.html"}]},"labels":{"deployment-tool":"cli-firebase"}}
[debug] [2022-05-08T16:21:15.825Z] <<< [apiv2][status] POST https://firebasehosting.googleapis.com/v1beta1/projects/722034877760/sites/honda-app-91b97/versions 200
[debug] [2022-05-08T16:21:15.825Z] <<< [apiv2][body] POST https://firebasehosting.googleapis.com/v1beta1/projects/722034877760/sites/honda-app-91b97/versions {"name":"projects/722034877760/sites/honda-app-91b97/versions/2adfe28bcf6e91f2","status":"CREATED","config":{"rewrites":[{"glob":"**","path":"/index.html"}]},"labels":{"deployment-tool":"cli-firebase"}}
[info] i  hosting[honda-app-91b97]: beginning deploy... 
[info] i  hosting[honda-app-91b97]: found 19 files in build 
[debug] [2022-05-08T16:21:15.865Z] [hosting] uploading with 200 concurrency
[debug] [2022-05-08T16:21:16.203Z] [hosting] hash cache [YnVpbGQ] stored for 19 files
[debug] [2022-05-08T16:21:16.204Z] [hosting][hash queue][FINAL] {"max":325,"min":5,"avg":39.421052631578945,"active":0,"complete":19,"success":19,"errored":0,"retried":0,"total":19,"elapsed":336}
[debug] [2022-05-08T16:21:16.205Z] >>> [apiv2][query] POST https://firebasehosting.googleapis.com/v1beta1/projects/722034877760/sites/honda-app-91b97/versions/2adfe28bcf6e91f2:populateFiles [none]
[debug] [2022-05-08T16:21:16.205Z] >>> [apiv2][body] POST https://firebasehosting.googleapis.com/v1beta1/projects/722034877760/sites/honda-app-91b97/versions/2adfe28bcf6e91f2:populateFiles {"files":{"/favicon.ico":"c1f19f2d6a470b5da8596f81499f31eb170c3d3ce798edd97627a48b017c1af7","/hondaData.json":"2eae6e99150fec7280cfbf226c1e889604707db22bbfc1e43e2ca50f3f066497","/logo192.png":"3ee59515172ee198f3be375979df15ac5345183e656720a381b8872b2a39dc8b","/logo512.png":"ee7e2f3fdb8209c4b6fd7bef6ba50d1b9dba30a25bb5c3126df057e1cb6f5331","/manifest.json":"aff3449bdc238776f5d6d967f19ec491b36aed5fb7f23ccff6500736fd58494a","/robots.txt":"bfe106a3fb878dc83461c86818bf74fc1bdc7f28538ba613cd3e775516ce8b49","/asset-manifest.json":"3ce4f9267d1a8d3449283fc651341c1d512fd0bd2194f858976f914d8e30b1f8","/index.html":"2b3e83e76a13c76b8a54796aff53db1c2ea6bb5b89e9d0ac61de74e4ae78f56a","/static/js/787.ee75211d.chunk.js":"5d88c684bc360dc58be668117ccf6f397ba42f83598248ae40bddce49e1c4277","/static/js/787.ee75211d.chunk.js.map":"2361a5ff4718bc98b6c4281b450619f32ca5881ccbed3f1153ce6f592b6144a5","/static/js/main.c307ad36.js.LICENSE.txt":"980850d0c97fc4da1718320dcc140b4bafb239b14275f3a5d9640098e064ab8a","/static/media/banner2.d56ad1757e49065821ae.jpg":"1b66dfb7b526174e1bb72ce970a0655019c0d52439baf46eb4ca1f65ef852270","/static/media/404-error-page-not-found.44f968b5b37b520269b3.jpg":"3317d90579e22469221f8ed0265a8a732ec41cc4ab4b65375f7b08dd7144c682","/static/media/google.0590aaf0fe36e23dcc8c.png":"40c72d37b7d1249bc4cf58d5480fa4732d2176f2e529dd58c0c4fa9fed76f2fd","/static/css/main.6b7faf1f.css":"1ec33e5f2ec018864014bd4e0d9f0701a5ed2538589a24e8e39d89a7fdfbc673","/static/media/logo.52d984ffb77941ef9d73.png":"a8683abf185d8a1688f5c2d0fc885fa88b6e43f1a66cc37e3a47f8674be32f32","/static/css/main.6b7faf1f.css.map":"ddb7355c4edf00b0e9cd09765be71479ce908821e0c0a621611341c0f167151a","/static/js/main.c307ad36.js":"8de7d93d01394d7cc9d8d753025f340b7d5e29608588ae53cfdc02041c63865f","/static/js/main.c307ad36.js.map":"2d96aee0de4d98666c4a2aa4e41bb39a4a02483c40f8e005cc207e79d65be6b0"}}
[debug] [2022-05-08T16:21:18.604Z] <<< [apiv2][status] POST https://firebasehosting.googleapis.com/v1beta1/projects/722034877760/sites/honda-app-91b97/versions/2adfe28bcf6e91f2:populateFiles 200
[debug] [2022-05-08T16:21:18.605Z] <<< [apiv2][body] POST https://firebasehosting.googleapis.com/v1beta1/projects/722034877760/sites/honda-app-91b97/versions/2adfe28bcf6e91f2:populateFiles {"uploadRequiredHashes":["3ce4f9267d1a8d3449283fc651341c1d512fd0bd2194f858976f914d8e30b1f8","2d96aee0de4d98666c4a2aa4e41bb39a4a02483c40f8e005cc207e79d65be6b0","2b3e83e76a13c76b8a54796aff53db1c2ea6bb5b89e9d0ac61de74e4ae78f56a","8de7d93d01394d7cc9d8d753025f340b7d5e29608588ae53cfdc02041c63865f"],"uploadUrl":"https://upload-firebasehosting.googleapis.com/upload/sites/honda-app-91b97/versions/2adfe28bcf6e91f2/files"}
[debug] [2022-05-08T16:21:18.607Z] >>> [apiv2][query] POST https://upload-firebasehosting.googleapis.com/upload/sites/honda-app-91b97/versions/2adfe28bcf6e91f2/files/3ce4f9267d1a8d3449283fc651341c1d512fd0bd2194f858976f914d8e30b1f8 [none]
[debug] [2022-05-08T16:21:18.607Z] >>> [apiv2][body] POST https://upload-firebasehosting.googleapis.com/upload/sites/honda-app-91b97/versions/2adfe28bcf6e91f2/files/3ce4f9267d1a8d3449283fc651341c1d512fd0bd2194f858976f914d8e30b1f8 [stream]
[debug] [2022-05-08T16:21:18.609Z] >>> [apiv2][query] POST https://upload-firebasehosting.googleapis.com/upload/sites/honda-app-91b97/versions/2adfe28bcf6e91f2/files/2d96aee0de4d98666c4a2aa4e41bb39a4a02483c40f8e005cc207e79d65be6b0 [none]
[debug] [2022-05-08T16:21:18.609Z] >>> [apiv2][body] POST https://upload-firebasehosting.googleapis.com/upload/sites/honda-app-91b97/versions/2adfe28bcf6e91f2/files/2d96aee0de4d98666c4a2aa4e41bb39a4a02483c40f8e005cc207e79d65be6b0 [stream]
[debug] [2022-05-08T16:21:18.611Z] >>> [apiv2][query] POST https://upload-firebasehosting.googleapis.com/upload/sites/honda-app-91b97/versions/2adfe28bcf6e91f2/files/2b3e83e76a13c76b8a54796aff53db1c2ea6bb5b89e9d0ac61de74e4ae78f56a [none]
[debug] [2022-05-08T16:21:18.611Z] >>> [apiv2][body] POST https://upload-firebasehosting.googleapis.com/upload/sites/honda-app-91b97/versions/2adfe28bcf6e91f2/files/2b3e83e76a13c76b8a54796aff53db1c2ea6bb5b89e9d0ac61de74e4ae78f56a [stream]
[debug] [2022-05-08T16:21:18.612Z] >>> [apiv2][query] POST https://upload-firebasehosting.googleapis.com/upload/sites/honda-app-91b97/versions/2adfe28bcf6e91f2/files/8de7d93d01394d7cc9d8d753025f340b7d5e29608588ae53cfdc02041c63865f [none]
[debug] [2022-05-08T16:21:18.612Z] >>> [apiv2][body] POST https://upload-firebasehosting.googleapis.com/upload/sites/honda-app-91b97/versions/2adfe28bcf6e91f2/files/8de7d93d01394d7cc9d8d753025f340b7d5e29608588ae53cfdc02041c63865f [stream]
[debug] [2022-05-08T16:21:18.614Z] [hosting][populate queue][FINAL] {"max":2406,"min":2406,"avg":2406,"active":0,"complete":1,"success":1,"errored":0,"retried":0,"total":1,"elapsed":2413}
[debug] [2022-05-08T16:21:18.614Z] [hosting] uploads queued: 4
[debug] [2022-05-08T16:21:20.957Z] <<< [apiv2][status] POST https://upload-firebasehosting.googleapis.com/upload/sites/honda-app-91b97/versions/2adfe28bcf6e91f2/files/2d96aee0de4d98666c4a2aa4e41bb39a4a02483c40f8e005cc207e79d65be6b0 200
[debug] [2022-05-08T16:21:20.958Z] <<< [apiv2][body] POST https://upload-firebasehosting.googleapis.com/upload/sites/honda-app-91b97/versions/2adfe28bcf6e91f2/files/2d96aee0de4d98666c4a2aa4e41bb39a4a02483c40f8e005cc207e79d65be6b0 [stream]
[debug] [2022-05-08T16:21:21.220Z] <<< [apiv2][status] POST https://upload-firebasehosting.googleapis.com/upload/sites/honda-app-91b97/versions/2adfe28bcf6e91f2/files/3ce4f9267d1a8d3449283fc651341c1d512fd0bd2194f858976f914d8e30b1f8 200
[debug] [2022-05-08T16:21:21.221Z] <<< [apiv2][body] POST https://upload-firebasehosting.googleapis.com/upload/sites/honda-app-91b97/versions/2adfe28bcf6e91f2/files/3ce4f9267d1a8d3449283fc651341c1d512fd0bd2194f858976f914d8e30b1f8 [stream]
[debug] [2022-05-08T16:21:21.828Z] <<< [apiv2][status] POST https://upload-firebasehosting.googleapis.com/upload/sites/honda-app-91b97/versions/2adfe28bcf6e91f2/files/2b3e83e76a13c76b8a54796aff53db1c2ea6bb5b89e9d0ac61de74e4ae78f56a 200
[debug] [2022-05-08T16:21:21.829Z] <<< [apiv2][body] POST https://upload-firebasehosting.googleapis.com/upload/sites/honda-app-91b97/versions/2adfe28bcf6e91f2/files/2b3e83e76a13c76b8a54796aff53db1c2ea6bb5b89e9d0ac61de74e4ae78f56a [stream]
[debug] [2022-05-08T16:21:22.151Z] <<< [apiv2][status] POST https://upload-firebasehosting.googleapis.com/upload/sites/honda-app-91b97/versions/2adfe28bcf6e91f2/files/8de7d93d01394d7cc9d8d753025f340b7d5e29608588ae53cfdc02041c63865f 200
[debug] [2022-05-08T16:21:22.151Z] <<< [apiv2][body] POST https://upload-firebasehosting.googleapis.com/upload/sites/honda-app-91b97/versions/2adfe28bcf6e91f2/files/8de7d93d01394d7cc9d8d753025f340b7d5e29608588ae53cfdc02041c63865f [stream]
[debug] [2022-05-08T16:21:22.152Z] [hosting][upload queue][FINAL] {"max":3545,"min":2352,"avg":2934,"active":0,"complete":4,"success":4,"errored":0,"retried":0,"total":4,"elapsed":3547}
[info] +  hosting[honda-app-91b97]: file upload complete 
[debug] [2022-05-08T16:21:22.155Z] [hosting] deploy completed after 6326ms
[debug] [2022-05-08T16:21:22.161Z] [
  {
    "config": {
      "public": "build",
      "ignore": [
        "firebase.json",
        "**/.*",
        "**/node_modules/**"
      ],
      "rewrites": [
        {
          "source": "**",
          "destination": "/index.html"
        }
      ],
      "site": "honda-app-91b97"
    },
    "site": "honda-app-91b97",
    "version": "projects/722034877760/sites/honda-app-91b97/versions/2adfe28bcf6e91f2"
  }
]
[info] i  hosting[honda-app-91b97]: finalizing version... 
[debug] [2022-05-08T16:21:22.164Z] >>> [apiv2][query] PATCH https://firebasehosting.googleapis.com/v1beta1/projects/722034877760/sites/honda-app-91b97/versions/2adfe28bcf6e91f2 updateMask=status
[debug] [2022-05-08T16:21:22.164Z] >>> [apiv2][body] PATCH https://firebasehosting.googleapis.com/v1beta1/projects/722034877760/sites/honda-app-91b97/versions/2adfe28bcf6e91f2 {"status":"FINALIZED"}
[debug] [2022-05-08T16:21:24.142Z] <<< [apiv2][status] PATCH https://firebasehosting.googleapis.com/v1beta1/projects/722034877760/sites/honda-app-91b97/versions/2adfe28bcf6e91f2 200
[debug] [2022-05-08T16:21:24.142Z] <<< [apiv2][body] PATCH https://firebasehosting.googleapis.com/v1beta1/projects/722034877760/sites/honda-app-91b97/versions/2adfe28bcf6e91f2 {"name":"projects/722034877760/sites/honda-app-91b97/versions/2adfe28bcf6e91f2","status":"FINALIZED","config":{"rewrites":[{"glob":"**","path":"/index.html"}]},"labels":{"deployment-tool":"cli-firebase"},"createTime":"2022-05-08T16:21:15.294828Z","createUser":{"email":"yousufweb99@gmail.com"},"finalizeTime":"2022-05-08T16:21:23.871355Z","finalizeUser":{"email":"yousufweb99@gmail.com"}}
[debug] [2022-05-08T16:21:24.143Z] [hosting] finalized version for honda-app-91b97:[object Object]
[info] +  hosting[honda-app-91b97]: version finalized 
[info] i  hosting[honda-app-91b97]: releasing new version... 
[debug] [2022-05-08T16:21:24.147Z] >>> [apiv2][query] POST https://firebasehosting.googleapis.com/v1beta1/projects/722034877760/sites/honda-app-91b97/releases versionName=projects%2F722034877760%2Fsites%2Fhonda-app-91b97%2Fversions%2F2adfe28bcf6e91f2
[debug] [2022-05-08T16:21:24.148Z] >>> [apiv2][body] POST https://firebasehosting.googleapis.com/v1beta1/projects/722034877760/sites/honda-app-91b97/releases {"message":null}
[debug] [2022-05-08T16:21:26.133Z] <<< [apiv2][status] POST https://firebasehosting.googleapis.com/v1beta1/projects/722034877760/sites/honda-app-91b97/releases 200
[debug] [2022-05-08T16:21:26.134Z] <<< [apiv2][body] POST https://firebasehosting.googleapis.com/v1beta1/projects/722034877760/sites/honda-app-91b97/releases {"name":"projects/722034877760/sites/honda-app-91b97/releases/1652026885308512","version":{"name":"projects/722034877760/sites/honda-app-91b97/versions/2adfe28bcf6e91f2","status":"FINALIZED","config":{"rewrites":[{"glob":"**","path":"/index.html"}]},"labels":{"deployment-tool":"cli-firebase"},"createTime":"2022-05-08T16:21:15.294828Z","createUser":{"email":"yousufweb99@gmail.com","imageUrl":"https://lh3.googleusercontent.com/a-/AOh14GiEKysCTJLuivoBgltZEduuA-cQPowt-aKU10xQmA"},"finalizeTime":"2022-05-08T16:21:23.871355Z","finalizeUser":{"email":"yousufweb99@gmail.com","imageUrl":"https://lh3.googleusercontent.com/a-/AOh14GiEKysCTJLuivoBgltZEduuA-cQPowt-aKU10xQmA"}},"type":"DEPLOY","releaseTime":"2022-05-08T16:21:25.308512860Z","releaseUser":{"email":"yousufweb99@gmail.com","imageUrl":"https://lh3.googleusercontent.com/a-/AOh14GiEKysCTJLuivoBgltZEduuA-cQPowt-aKU10xQmA"}}
[debug] [2022-05-08T16:21:26.134Z] [hosting] release: {"name":"projects/722034877760/sites/honda-app-91b97/releases/1652026885308512","version":{"name":"projects/722034877760/sites/honda-app-91b97/versions/2adfe28bcf6e91f2","status":"FINALIZED","config":{"rewrites":[{"glob":"**","path":"/index.html"}]},"labels":{"deployment-tool":"cli-firebase"},"createTime":"2022-05-08T16:21:15.294828Z","createUser":{"email":"yousufweb99@gmail.com","imageUrl":"https://lh3.googleusercontent.com/a-/AOh14GiEKysCTJLuivoBgltZEduuA-cQPowt-aKU10xQmA"},"finalizeTime":"2022-05-08T16:21:23.871355Z","finalizeUser":{"email":"yousufweb99@gmail.com","imageUrl":"https://lh3.googleusercontent.com/a-/AOh14GiEKysCTJLuivoBgltZEduuA-cQPowt-aKU10xQmA"}},"type":"DEPLOY","releaseTime":"2022-05-08T16:21:25.308512860Z","releaseUser":{"email":"yousufweb99@gmail.com","imageUrl":"https://lh3.googleusercontent.com/a-/AOh14GiEKysCTJLuivoBgltZEduuA-cQPowt-aKU10xQmA"}}
[info] +  hosting[honda-app-91b97]: release complete 
[info] 
[info] +  Deploy complete! 
[info] 
[info] Project Console: https://console.firebase.google.com/project/honda-app-91b97/overview
[info] Hosting URL: https://honda-app-91b97.web.app
